[0m15:54:08.082988 [debug] [MainThread]: Sending event: {'category': 'dbt', 'action': 'invocation', 'label': 'start', 'context': [<snowplow_tracker.self_describing_json.SelfDescribingJson object at 0x000001F81E0331D0>, <snowplow_tracker.self_describing_json.SelfDescribingJson object at 0x000001F81DE0E900>, <snowplow_tracker.self_describing_json.SelfDescribingJson object at 0x000001F81E1B3140>]}


============================== 15:54:08.098999 | 02fcdd88-875b-421f-983b-9c84353b7bd8 ==============================
[0m15:54:08.098999 [info ] [MainThread]: Running with dbt=1.7.9
[0m15:54:08.100997 [debug] [MainThread]: running dbt with arguments {'printer_width': '80', 'indirect_selection': 'eager', 'log_cache_events': 'False', 'write_json': 'True', 'partial_parse': 'True', 'cache_selected_only': 'False', 'profiles_dir': 'C:\\Users\\pierr\\.dbt', 'debug': 'False', 'warn_error': 'None', 'log_path': 'logs', 'fail_fast': 'False', 'version_check': 'True', 'use_colors': 'True', 'use_experimental_parser': 'False', 'no_print': 'None', 'quiet': 'False', 'log_format': 'default', 'introspect': 'True', 'invocation_command': 'dbt init', 'warn_error_options': 'WarnErrorOptions(include=[], exclude=[])', 'target_path': 'None', 'static_parser': 'True', 'send_anonymous_usage_stats': 'True'}
[0m15:54:08.102993 [warn ] [MainThread]: [ConfigFolderDirectory]: Unable to parse dict {'dir': WindowsPath('C:/Users/pierr/.dbt')}
[0m15:54:08.104987 [info ] [MainThread]: Creating dbt configuration folder at 
[0m15:54:50.880485 [debug] [MainThread]: Starter project path: C:\Users\pierr\anaconda3\envs\dbt1\Lib\site-packages\dbt\include\starter_project
[0m15:54:50.911189 [info ] [MainThread]: 
Your new dbt project "dbttest" was created!

For more information on how to configure the profiles.yml file,
please consult the dbt documentation here:

  https://docs.getdbt.com/docs/configure-your-profile

One more thing:

Need help? Don't hesitate to reach out to us via GitHub issues or on Slack:

  https://community.getdbt.com/

Happy modeling!

[0m15:54:50.915535 [info ] [MainThread]: Setting up your profile.
[0m15:54:53.444191 [info ] [MainThread]: Profile dbttest written to C:\Users\pierr\.dbt\profiles.yml using target's sample configuration. Once updated, you'll be able to start developing with dbt.
[0m15:54:53.446770 [debug] [MainThread]: Command `dbt init` succeeded at 15:54:53.446770 after 45.63 seconds
[0m15:54:53.447812 [debug] [MainThread]: Sending event: {'category': 'dbt', 'action': 'invocation', 'label': 'end', 'context': [<snowplow_tracker.self_describing_json.SelfDescribingJson object at 0x000001F81DF7F800>, <snowplow_tracker.self_describing_json.SelfDescribingJson object at 0x000001F81E06FBC0>, <snowplow_tracker.self_describing_json.SelfDescribingJson object at 0x000001F81E0331D0>]}
[0m15:54:53.449813 [debug] [MainThread]: Flushing usage events
